{
    "StackEvents": [
        {
            "StackId": "arn:aws:cloudformation:ap-northeast-1:568975345534:stack/Pre-Prod-WebService/18118510-487c-11ee-84d0-0e779e6ed181",
            "EventId": "47233ba0-487c-11ee-b952-06832379e2fb",
            "StackName": "Pre-Prod-WebService",
            "LogicalResourceId": "Pre-Prod-WebService",
            "PhysicalResourceId": "arn:aws:cloudformation:ap-northeast-1:568975345534:stack/Pre-Prod-WebService/18118510-487c-11ee-84d0-0e779e6ed181",
            "ResourceType": "AWS::CloudFormation::Stack",
            "Timestamp": "2023-09-01T04:01:50.158000+00:00",
            "ResourceStatus": "ROLLBACK_COMPLETE"
        },
        {
            "StackId": "arn:aws:cloudformation:ap-northeast-1:568975345534:stack/Pre-Prod-WebService/18118510-487c-11ee-84d0-0e779e6ed181",
            "EventId": "Application-DELETE_COMPLETE-2023-09-01T04:01:49.678Z",
            "StackName": "Pre-Prod-WebService",
            "LogicalResourceId": "Application",
            "PhysicalResourceId": "MyWebApp",
            "ResourceType": "AWS::ElasticBeanstalk::Application",
            "Timestamp": "2023-09-01T04:01:49.678000+00:00",
            "ResourceStatus": "DELETE_COMPLETE",
            "ResourceProperties": "{\"ApplicationName\":\"MyWebApp\"}"
        },
        {
            "StackId": "arn:aws:cloudformation:ap-northeast-1:568975345534:stack/Pre-Prod-WebService/18118510-487c-11ee-84d0-0e779e6ed181",
            "EventId": "MyWebAppawselasticbeanstalkec2role9B05C648-DELETE_COMPLETE-2023-09-01T04:01:42.688Z",
            "StackName": "Pre-Prod-WebService",
            "LogicalResourceId": "MyWebAppawselasticbeanstalkec2role9B05C648",
            "PhysicalResourceId": "Pre-Prod-WebService-MyWebAppawselasticbeanstalkec2-61NW6E07H8PL",
            "ResourceType": "AWS::IAM::Role",
            "Timestamp": "2023-09-01T04:01:42.688000+00:00",
            "ResourceStatus": "DELETE_COMPLETE",
            "ResourceProperties": "{\"ManagedPolicyArns\":[\"arn:aws:iam::aws:policy/AWSElasticBeanstalkWebTier\"],\"AssumeRolePolicyDocument\":{\"Version\":\"2012-10-17\",\"Statement\":[{\"Action\":\"sts:AssumeRole\",\"Effect\":\"Allow\",\"Principal\":{\"Service\":\"ec2.amazonaws.com\"}}]}}"
        },
        {
            "StackId": "arn:aws:cloudformation:ap-northeast-1:568975345534:stack/Pre-Prod-WebService/18118510-487c-11ee-84d0-0e779e6ed181",
            "EventId": "Application-DELETE_IN_PROGRESS-2023-09-01T04:01:42.665Z",
            "StackName": "Pre-Prod-WebService",
            "LogicalResourceId": "Application",
            "PhysicalResourceId": "MyWebApp",
            "ResourceType": "AWS::ElasticBeanstalk::Application",
            "Timestamp": "2023-09-01T04:01:42.665000+00:00",
            "ResourceStatus": "DELETE_IN_PROGRESS",
            "ResourceProperties": "{\"ApplicationName\":\"MyWebApp\"}"
        },
        {
            "StackId": "arn:aws:cloudformation:ap-northeast-1:568975345534:stack/Pre-Prod-WebService/18118510-487c-11ee-84d0-0e779e6ed181",
            "EventId": "AppVersion-DELETE_COMPLETE-2023-09-01T04:01:42.241Z",
            "StackName": "Pre-Prod-WebService",
            "LogicalResourceId": "AppVersion",
            "PhysicalResourceId": "pre-prod-webservice-appversion-zwuiys1wwbo6",
            "ResourceType": "AWS::ElasticBeanstalk::ApplicationVersion",
            "Timestamp": "2023-09-01T04:01:42.241000+00:00",
            "ResourceStatus": "DELETE_COMPLETE",
            "ResourceProperties": "{\"ApplicationName\":\"MyWebApp\",\"SourceBundle\":{\"S3Bucket\":\"cdk-hnb659fds-assets-568975345534-ap-northeast-1\",\"S3Key\":\"4ebaf313fb48781382626f9a944c32e371e83e0ab064b5cddeb1719184461ab5.zip\"}}"
        },
        {
            "StackId": "arn:aws:cloudformation:ap-northeast-1:568975345534:stack/Pre-Prod-WebService/18118510-487c-11ee-84d0-0e779e6ed181",
            "EventId": "MyWebAppawselasticbeanstalkec2role9B05C648-DELETE_IN_PROGRESS-2023-09-01T04:01:41.285Z",
            "StackName": "Pre-Prod-WebService",
            "LogicalResourceId": "MyWebAppawselasticbeanstalkec2role9B05C648",
            "PhysicalResourceId": "Pre-Prod-WebService-MyWebAppawselasticbeanstalkec2-61NW6E07H8PL",
            "ResourceType": "AWS::IAM::Role",
            "Timestamp": "2023-09-01T04:01:41.285000+00:00",
            "ResourceStatus": "DELETE_IN_PROGRESS",
            "ResourceProperties": "{\"ManagedPolicyArns\":[\"arn:aws:iam::aws:policy/AWSElasticBeanstalkWebTier\"],\"AssumeRolePolicyDocument\":{\"Version\":\"2012-10-17\",\"Statement\":[{\"Action\":\"sts:AssumeRole\",\"Effect\":\"Allow\",\"Principal\":{\"Service\":\"ec2.amazonaws.com\"}}]}}"
        },
        {
            "StackId": "arn:aws:cloudformation:ap-northeast-1:568975345534:stack/Pre-Prod-WebService/18118510-487c-11ee-84d0-0e779e6ed181",
            "EventId": "AppVersion-DELETE_IN_PROGRESS-2023-09-01T04:01:40.848Z",
            "StackName": "Pre-Prod-WebService",
            "LogicalResourceId": "AppVersion",
            "PhysicalResourceId": "pre-prod-webservice-appversion-zwuiys1wwbo6",
            "ResourceType": "AWS::ElasticBeanstalk::ApplicationVersion",
            "Timestamp": "2023-09-01T04:01:40.848000+00:00",
            "ResourceStatus": "DELETE_IN_PROGRESS",
            "ResourceProperties": "{\"ApplicationName\":\"MyWebApp\",\"SourceBundle\":{\"S3Bucket\":\"cdk-hnb659fds-assets-568975345534-ap-northeast-1\",\"S3Key\":\"4ebaf313fb48781382626f9a944c32e371e83e0ab064b5cddeb1719184461ab5.zip\"}}"
        },
        {
            "StackId": "arn:aws:cloudformation:ap-northeast-1:568975345534:stack/Pre-Prod-WebService/18118510-487c-11ee-84d0-0e779e6ed181",
            "EventId": "MyWebAppInstanceProfile-DELETE_COMPLETE-2023-09-01T04:01:40.763Z",
            "StackName": "Pre-Prod-WebService",
            "LogicalResourceId": "MyWebAppInstanceProfile",
            "PhysicalResourceId": "MyWebApp-InstanceProfile",
            "ResourceType": "AWS::IAM::InstanceProfile",
            "Timestamp": "2023-09-01T04:01:40.763000+00:00",
            "ResourceStatus": "DELETE_COMPLETE",
            "ResourceProperties": "{\"InstanceProfileName\":\"MyWebApp-InstanceProfile\",\"Roles\":[\"Pre-Prod-WebService-MyWebAppawselasticbeanstalkec2-61NW6E07H8PL\"]}"
        },
        {
            "StackId": "arn:aws:cloudformation:ap-northeast-1:568975345534:stack/Pre-Prod-WebService/18118510-487c-11ee-84d0-0e779e6ed181",
            "EventId": "Environment-DELETE_COMPLETE-2023-09-01T04:01:40.399Z",
            "StackName": "Pre-Prod-WebService",
            "LogicalResourceId": "Environment",
            "PhysicalResourceId": "MyWebAppEnvironment",
            "ResourceType": "AWS::ElasticBeanstalk::Environment",
            "Timestamp": "2023-09-01T04:01:40.399000+00:00",
            "ResourceStatus": "DELETE_COMPLETE",
            "ResourceProperties": "{\"ApplicationName\":\"MyWebApp\",\"EnvironmentName\":\"MyWebAppEnvironment\",\"OptionSettings\":[{\"Value\":\"MyWebApp-InstanceProfile\",\"Namespace\":\"aws:autoscaling:launchconfiguration\",\"OptionName\":\"IamInstanceProfile\"},{\"Value\":\"2\",\"Namespace\":\"aws:autoscaling:asg\",\"OptionName\":\"MinSize\"},{\"Value\":\"2\",\"Namespace\":\"aws:autoscaling:asg\",\"OptionName\":\"MaxSize\"},{\"Value\":\"t2.micro\",\"Namespace\":\"aws:ec2:instances\",\"OptionName\":\"InstanceTypes\"}],\"VersionLabel\":\"pre-prod-webservice-appversion-zwuiys1wwbo6\",\"SolutionStackName\":\"64bit Amazon Linux 2 v5.8.0 running Node.js 18\"}"
        },
        {
            "StackId": "arn:aws:cloudformation:ap-northeast-1:568975345534:stack/Pre-Prod-WebService/18118510-487c-11ee-84d0-0e779e6ed181",
            "EventId": "CDKMetadata-DELETE_COMPLETE-2023-09-01T04:01:40.221Z",
            "StackName": "Pre-Prod-WebService",
            "LogicalResourceId": "CDKMetadata",
            "PhysicalResourceId": "18118510-487c-11ee-84d0-0e779e6ed181",
            "ResourceType": "AWS::CDK::Metadata",
            "Timestamp": "2023-09-01T04:01:40.221000+00:00",
            "ResourceStatus": "DELETE_COMPLETE",
            "ResourceProperties": "{\"Analytics\":\"v2:deflate64:H4sIAAAAAAAA/1WOzQrCQAyEn8X7NloLokcVD96kgtcSt1Fit9my2dZD6btr/QE9fZMJk8wcVhnMJnjXxJZV4vgM/TGirczTKnrNClSlqLAeYTSDTWsrihtUMuRQI9szoWhEV0G/vci6aRxbjOzF/I8nCvpxd9Jx8FKTxMEw1tDn3tG4+XI/nhRLh+Av7GgYzKvBs9uV5WpyUt8G+4786K2XksdngxFfEtx02qVLSBeQTm7KnIRWItcE+ZsPdlZobwABAAA=\"}"
        },
        {
            "StackId": "arn:aws:cloudformation:ap-northeast-1:568975345534:stack/Pre-Prod-WebService/18118510-487c-11ee-84d0-0e779e6ed181",
            "EventId": "MyWebAppInstanceProfile-DELETE_IN_PROGRESS-2023-09-01T04:01:39.039Z",
            "StackName": "Pre-Prod-WebService",
            "LogicalResourceId": "MyWebAppInstanceProfile",
            "PhysicalResourceId": "MyWebApp-InstanceProfile",
            "ResourceType": "AWS::IAM::InstanceProfile",
            "Timestamp": "2023-09-01T04:01:39.039000+00:00",
            "ResourceStatus": "DELETE_IN_PROGRESS",
            "ResourceProperties": "{\"InstanceProfileName\":\"MyWebApp-InstanceProfile\",\"Roles\":[\"Pre-Prod-WebService-MyWebAppawselasticbeanstalkec2-61NW6E07H8PL\"]}"
        },
        {
            "StackId": "arn:aws:cloudformation:ap-northeast-1:568975345534:stack/Pre-Prod-WebService/18118510-487c-11ee-84d0-0e779e6ed181",
            "EventId": "Environment-DELETE_IN_PROGRESS-2023-09-01T04:01:39.027Z",
            "StackName": "Pre-Prod-WebService",
            "LogicalResourceId": "Environment",
            "PhysicalResourceId": "MyWebAppEnvironment",
            "ResourceType": "AWS::ElasticBeanstalk::Environment",
            "Timestamp": "2023-09-01T04:01:39.027000+00:00",
            "ResourceStatus": "DELETE_IN_PROGRESS",
            "ResourceProperties": "{\"ApplicationName\":\"MyWebApp\",\"EnvironmentName\":\"MyWebAppEnvironment\",\"OptionSettings\":[{\"Value\":\"MyWebApp-InstanceProfile\",\"Namespace\":\"aws:autoscaling:launchconfiguration\",\"OptionName\":\"IamInstanceProfile\"},{\"Value\":\"2\",\"Namespace\":\"aws:autoscaling:asg\",\"OptionName\":\"MinSize\"},{\"Value\":\"2\",\"Namespace\":\"aws:autoscaling:asg\",\"OptionName\":\"MaxSize\"},{\"Value\":\"t2.micro\",\"Namespace\":\"aws:ec2:instances\",\"OptionName\":\"InstanceTypes\"}],\"VersionLabel\":\"pre-prod-webservice-appversion-zwuiys1wwbo6\",\"SolutionStackName\":\"64bit Amazon Linux 2 v5.8.0 running Node.js 18\"}"
        },
        {
            "StackId": "arn:aws:cloudformation:ap-northeast-1:568975345534:stack/Pre-Prod-WebService/18118510-487c-11ee-84d0-0e779e6ed181",
            "EventId": "CDKMetadata-DELETE_IN_PROGRESS-2023-09-01T04:01:39.027Z",
            "StackName": "Pre-Prod-WebService",
            "LogicalResourceId": "CDKMetadata",
            "PhysicalResourceId": "18118510-487c-11ee-84d0-0e779e6ed181",
            "ResourceType": "AWS::CDK::Metadata",
            "Timestamp": "2023-09-01T04:01:39.027000+00:00",
            "ResourceStatus": "DELETE_IN_PROGRESS",
            "ResourceProperties": "{\"Analytics\":\"v2:deflate64:H4sIAAAAAAAA/1WOzQrCQAyEn8X7NloLokcVD96kgtcSt1Fit9my2dZD6btr/QE9fZMJk8wcVhnMJnjXxJZV4vgM/TGirczTKnrNClSlqLAeYTSDTWsrihtUMuRQI9szoWhEV0G/vci6aRxbjOzF/I8nCvpxd9Jx8FKTxMEw1tDn3tG4+XI/nhRLh+Av7GgYzKvBs9uV5WpyUt8G+4786K2XksdngxFfEtx02qVLSBeQTm7KnIRWItcE+ZsPdlZobwABAAA=\"}"
        },
        {
            "StackId": "arn:aws:cloudformation:ap-northeast-1:568975345534:stack/Pre-Prod-WebService/18118510-487c-11ee-84d0-0e779e6ed181",
            "EventId": "3f179a00-487c-11ee-97fc-0e071dbd95bb",
            "StackName": "Pre-Prod-WebService",
            "LogicalResourceId": "Pre-Prod-WebService",
            "PhysicalResourceId": "arn:aws:cloudformation:ap-northeast-1:568975345534:stack/Pre-Prod-WebService/18118510-487c-11ee-84d0-0e779e6ed181",
            "ResourceType": "AWS::CloudFormation::Stack",
            "Timestamp": "2023-09-01T04:01:36.661000+00:00",
            "ResourceStatus": "ROLLBACK_IN_PROGRESS",
            "ResourceStatusReason": "The following resource(s) failed to create: [MyWebAppInstanceProfile, Environment]. Rollback requested by user."
        },
        {
            "StackId": "arn:aws:cloudformation:ap-northeast-1:568975345534:stack/Pre-Prod-WebService/18118510-487c-11ee-84d0-0e779e6ed181",
            "EventId": "MyWebAppInstanceProfile-CREATE_FAILED-2023-09-01T04:01:36.173Z",
            "StackName": "Pre-Prod-WebService",
            "LogicalResourceId": "MyWebAppInstanceProfile",
            "PhysicalResourceId": "MyWebApp-InstanceProfile",
            "ResourceType": "AWS::IAM::InstanceProfile",
            "Timestamp": "2023-09-01T04:01:36.173000+00:00",
            "ResourceStatus": "CREATE_FAILED",
            "ResourceStatusReason": "Resource creation cancelled",
            "ResourceProperties": "{\"InstanceProfileName\":\"MyWebApp-InstanceProfile\",\"Roles\":[\"Pre-Prod-WebService-MyWebAppawselasticbeanstalkec2-61NW6E07H8PL\"]}"
        },
        {
            "StackId": "arn:aws:cloudformation:ap-northeast-1:568975345534:stack/Pre-Prod-WebService/18118510-487c-11ee-84d0-0e779e6ed181",
            "EventId": "Environment-CREATE_FAILED-2023-09-01T04:01:35.660Z",
            "StackName": "Pre-Prod-WebService",
            "LogicalResourceId": "Environment",
            "PhysicalResourceId": "MyWebAppEnvironment",
            "ResourceType": "AWS::ElasticBeanstalk::Environment",
            "Timestamp": "2023-09-01T04:01:35.660000+00:00",
            "ResourceStatus": "CREATE_FAILED",
            "ResourceStatusReason": "Resource handler returned message: \"No Solution Stack named '64bit Amazon Linux 2 v5.8.0 running Node.js 18' found. (Service: ElasticBeanstalk, Status Code: 400, Request ID: a86bc6d6-11aa-49b6-95ee-1230c7f4634e)\" (RequestToken: 7b423d5d-9783-453d-0f44-bb002ad23bd9, HandlerErrorCode: InvalidRequest)",
            "ResourceProperties": "{\"ApplicationName\":\"MyWebApp\",\"EnvironmentName\":\"MyWebAppEnvironment\",\"OptionSettings\":[{\"Value\":\"MyWebApp-InstanceProfile\",\"Namespace\":\"aws:autoscaling:launchconfiguration\",\"OptionName\":\"IamInstanceProfile\"},{\"Value\":\"2\",\"Namespace\":\"aws:autoscaling:asg\",\"OptionName\":\"MinSize\"},{\"Value\":\"2\",\"Namespace\":\"aws:autoscaling:asg\",\"OptionName\":\"MaxSize\"},{\"Value\":\"t2.micro\",\"Namespace\":\"aws:ec2:instances\",\"OptionName\":\"InstanceTypes\"}],\"VersionLabel\":\"pre-prod-webservice-appversion-zwuiys1wwbo6\",\"SolutionStackName\":\"64bit Amazon Linux 2 v5.8.0 running Node.js 18\"}"
        },
        {
            "StackId": "arn:aws:cloudformation:ap-northeast-1:568975345534:stack/Pre-Prod-WebService/18118510-487c-11ee-84d0-0e779e6ed181",
            "EventId": "Environment-CREATE_IN_PROGRESS-2023-09-01T04:01:35.169Z",
            "StackName": "Pre-Prod-WebService",
            "LogicalResourceId": "Environment",
            "PhysicalResourceId": "MyWebAppEnvironment",
            "ResourceType": "AWS::ElasticBeanstalk::Environment",
            "Timestamp": "2023-09-01T04:01:35.169000+00:00",
            "ResourceStatus": "CREATE_IN_PROGRESS",
            "ResourceStatusReason": "Resource creation Initiated",
            "ResourceProperties": "{\"ApplicationName\":\"MyWebApp\",\"EnvironmentName\":\"MyWebAppEnvironment\",\"OptionSettings\":[{\"Value\":\"MyWebApp-InstanceProfile\",\"Namespace\":\"aws:autoscaling:launchconfiguration\",\"OptionName\":\"IamInstanceProfile\"},{\"Value\":\"2\",\"Namespace\":\"aws:autoscaling:asg\",\"OptionName\":\"MinSize\"},{\"Value\":\"2\",\"Namespace\":\"aws:autoscaling:asg\",\"OptionName\":\"MaxSize\"},{\"Value\":\"t2.micro\",\"Namespace\":\"aws:ec2:instances\",\"OptionName\":\"InstanceTypes\"}],\"VersionLabel\":\"pre-prod-webservice-appversion-zwuiys1wwbo6\",\"SolutionStackName\":\"64bit Amazon Linux 2 v5.8.0 running Node.js 18\"}"
        },
        {
            "StackId": "arn:aws:cloudformation:ap-northeast-1:568975345534:stack/Pre-Prod-WebService/18118510-487c-11ee-84d0-0e779e6ed181",
            "EventId": "MyWebAppInstanceProfile-CREATE_IN_PROGRESS-2023-09-01T04:01:34.265Z",
            "StackName": "Pre-Prod-WebService",
            "LogicalResourceId": "MyWebAppInstanceProfile",
            "PhysicalResourceId": "MyWebApp-InstanceProfile",
            "ResourceType": "AWS::IAM::InstanceProfile",
            "Timestamp": "2023-09-01T04:01:34.265000+00:00",
            "ResourceStatus": "CREATE_IN_PROGRESS",
            "ResourceStatusReason": "Resource creation Initiated",
            "ResourceProperties": "{\"InstanceProfileName\":\"MyWebApp-InstanceProfile\",\"Roles\":[\"Pre-Prod-WebService-MyWebAppawselasticbeanstalkec2-61NW6E07H8PL\"]}"
        },
        {
            "StackId": "arn:aws:cloudformation:ap-northeast-1:568975345534:stack/Pre-Prod-WebService/18118510-487c-11ee-84d0-0e779e6ed181",
            "EventId": "Environment-CREATE_IN_PROGRESS-2023-09-01T04:01:33.487Z",
            "StackName": "Pre-Prod-WebService",
            "LogicalResourceId": "Environment",
            "PhysicalResourceId": "",
            "ResourceType": "AWS::ElasticBeanstalk::Environment",
            "Timestamp": "2023-09-01T04:01:33.487000+00:00",
            "ResourceStatus": "CREATE_IN_PROGRESS",
            "ResourceProperties": "{\"ApplicationName\":\"MyWebApp\",\"EnvironmentName\":\"MyWebAppEnvironment\",\"OptionSettings\":[{\"Value\":\"MyWebApp-InstanceProfile\",\"Namespace\":\"aws:autoscaling:launchconfiguration\",\"OptionName\":\"IamInstanceProfile\"},{\"Value\":\"2\",\"Namespace\":\"aws:autoscaling:asg\",\"OptionName\":\"MinSize\"},{\"Value\":\"2\",\"Namespace\":\"aws:autoscaling:asg\",\"OptionName\":\"MaxSize\"},{\"Value\":\"t2.micro\",\"Namespace\":\"aws:ec2:instances\",\"OptionName\":\"InstanceTypes\"}],\"VersionLabel\":\"pre-prod-webservice-appversion-zwuiys1wwbo6\",\"SolutionStackName\":\"64bit Amazon Linux 2 v5.8.0 running Node.js 18\"}"
        },
        {
            "StackId": "arn:aws:cloudformation:ap-northeast-1:568975345534:stack/Pre-Prod-WebService/18118510-487c-11ee-84d0-0e779e6ed181",
            "EventId": "AppVersion-CREATE_COMPLETE-2023-09-01T04:01:32.906Z",
            "StackName": "Pre-Prod-WebService",
            "LogicalResourceId": "AppVersion",
            "PhysicalResourceId": "pre-prod-webservice-appversion-zwuiys1wwbo6",
            "ResourceType": "AWS::ElasticBeanstalk::ApplicationVersion",
            "Timestamp": "2023-09-01T04:01:32.906000+00:00",
            "ResourceStatus": "CREATE_COMPLETE",
            "ResourceProperties": "{\"ApplicationName\":\"MyWebApp\",\"SourceBundle\":{\"S3Bucket\":\"cdk-hnb659fds-assets-568975345534-ap-northeast-1\",\"S3Key\":\"4ebaf313fb48781382626f9a944c32e371e83e0ab064b5cddeb1719184461ab5.zip\"}}"
        },
        {
            "StackId": "arn:aws:cloudformation:ap-northeast-1:568975345534:stack/Pre-Prod-WebService/18118510-487c-11ee-84d0-0e779e6ed181",
            "EventId": "MyWebAppInstanceProfile-CREATE_IN_PROGRESS-2023-09-01T04:01:32.547Z",
            "StackName": "Pre-Prod-WebService",
            "LogicalResourceId": "MyWebAppInstanceProfile",
            "PhysicalResourceId": "",
            "ResourceType": "AWS::IAM::InstanceProfile",
            "Timestamp": "2023-09-01T04:01:32.547000+00:00",
            "ResourceStatus": "CREATE_IN_PROGRESS",
            "ResourceProperties": "{\"InstanceProfileName\":\"MyWebApp-InstanceProfile\",\"Roles\":[\"Pre-Prod-WebService-MyWebAppawselasticbeanstalkec2-61NW6E07H8PL\"]}"
        },
        {
            "StackId": "arn:aws:cloudformation:ap-northeast-1:568975345534:stack/Pre-Prod-WebService/18118510-487c-11ee-84d0-0e779e6ed181",
            "EventId": "MyWebAppawselasticbeanstalkec2role9B05C648-CREATE_COMPLETE-2023-09-01T04:01:31.803Z",
            "StackName": "Pre-Prod-WebService",
            "LogicalResourceId": "MyWebAppawselasticbeanstalkec2role9B05C648",
            "PhysicalResourceId": "Pre-Prod-WebService-MyWebAppawselasticbeanstalkec2-61NW6E07H8PL",
            "ResourceType": "AWS::IAM::Role",
            "Timestamp": "2023-09-01T04:01:31.803000+00:00",
            "ResourceStatus": "CREATE_COMPLETE",
            "ResourceProperties": "{\"ManagedPolicyArns\":[\"arn:aws:iam::aws:policy/AWSElasticBeanstalkWebTier\"],\"AssumeRolePolicyDocument\":{\"Version\":\"2012-10-17\",\"Statement\":[{\"Action\":\"sts:AssumeRole\",\"Effect\":\"Allow\",\"Principal\":{\"Service\":\"ec2.amazonaws.com\"}}]}}"
        },
        {
            "StackId": "arn:aws:cloudformation:ap-northeast-1:568975345534:stack/Pre-Prod-WebService/18118510-487c-11ee-84d0-0e779e6ed181",
            "EventId": "AppVersion-CREATE_IN_PROGRESS-2023-09-01T04:01:26.988Z",
            "StackName": "Pre-Prod-WebService",
            "LogicalResourceId": "AppVersion",
            "PhysicalResourceId": "pre-prod-webservice-appversion-zwuiys1wwbo6",
            "ResourceType": "AWS::ElasticBeanstalk::ApplicationVersion",
            "Timestamp": "2023-09-01T04:01:26.988000+00:00",
            "ResourceStatus": "CREATE_IN_PROGRESS",
            "ResourceStatusReason": "Resource creation Initiated",
            "ResourceProperties": "{\"ApplicationName\":\"MyWebApp\",\"SourceBundle\":{\"S3Bucket\":\"cdk-hnb659fds-assets-568975345534-ap-northeast-1\",\"S3Key\":\"4ebaf313fb48781382626f9a944c32e371e83e0ab064b5cddeb1719184461ab5.zip\"}}"
        },
        {
            "StackId": "arn:aws:cloudformation:ap-northeast-1:568975345534:stack/Pre-Prod-WebService/18118510-487c-11ee-84d0-0e779e6ed181",
            "EventId": "AppVersion-CREATE_IN_PROGRESS-2023-09-01T04:01:25.262Z",
            "StackName": "Pre-Prod-WebService",
            "LogicalResourceId": "AppVersion",
            "PhysicalResourceId": "",
            "ResourceType": "AWS::ElasticBeanstalk::ApplicationVersion",
            "Timestamp": "2023-09-01T04:01:25.262000+00:00",
            "ResourceStatus": "CREATE_IN_PROGRESS",
            "ResourceProperties": "{\"ApplicationName\":\"MyWebApp\",\"SourceBundle\":{\"S3Bucket\":\"cdk-hnb659fds-assets-568975345534-ap-northeast-1\",\"S3Key\":\"4ebaf313fb48781382626f9a944c32e371e83e0ab064b5cddeb1719184461ab5.zip\"}}"
        },
        {
            "StackId": "arn:aws:cloudformation:ap-northeast-1:568975345534:stack/Pre-Prod-WebService/18118510-487c-11ee-84d0-0e779e6ed181",
            "EventId": "Application-CREATE_COMPLETE-2023-09-01T04:01:24.663Z",
            "StackName": "Pre-Prod-WebService",
            "LogicalResourceId": "Application",
            "PhysicalResourceId": "MyWebApp",
            "ResourceType": "AWS::ElasticBeanstalk::Application",
            "Timestamp": "2023-09-01T04:01:24.663000+00:00",
            "ResourceStatus": "CREATE_COMPLETE",
            "ResourceProperties": "{\"ApplicationName\":\"MyWebApp\"}"
        },
        {
            "StackId": "arn:aws:cloudformation:ap-northeast-1:568975345534:stack/Pre-Prod-WebService/18118510-487c-11ee-84d0-0e779e6ed181",
            "EventId": "Application-CREATE_IN_PROGRESS-2023-09-01T04:01:18.775Z",
            "StackName": "Pre-Prod-WebService",
            "LogicalResourceId": "Application",
            "PhysicalResourceId": "MyWebApp",
            "ResourceType": "AWS::ElasticBeanstalk::Application",
            "Timestamp": "2023-09-01T04:01:18.775000+00:00",
            "ResourceStatus": "CREATE_IN_PROGRESS",
            "ResourceStatusReason": "Resource creation Initiated",
            "ResourceProperties": "{\"ApplicationName\":\"MyWebApp\"}"
        },
        {
            "StackId": "arn:aws:cloudformation:ap-northeast-1:568975345534:stack/Pre-Prod-WebService/18118510-487c-11ee-84d0-0e779e6ed181",
            "EventId": "CDKMetadata-CREATE_COMPLETE-2023-09-01T04:01:16.714Z",
            "StackName": "Pre-Prod-WebService",
            "LogicalResourceId": "CDKMetadata",
            "PhysicalResourceId": "18118510-487c-11ee-84d0-0e779e6ed181",
            "ResourceType": "AWS::CDK::Metadata",
            "Timestamp": "2023-09-01T04:01:16.714000+00:00",
            "ResourceStatus": "CREATE_COMPLETE",
            "ResourceProperties": "{\"Analytics\":\"v2:deflate64:H4sIAAAAAAAA/1WOzQrCQAyEn8X7NloLokcVD96kgtcSt1Fit9my2dZD6btr/QE9fZMJk8wcVhnMJnjXxJZV4vgM/TGirczTKnrNClSlqLAeYTSDTWsrihtUMuRQI9szoWhEV0G/vci6aRxbjOzF/I8nCvpxd9Jx8FKTxMEw1tDn3tG4+XI/nhRLh+Av7GgYzKvBs9uV5WpyUt8G+4786K2XksdngxFfEtx02qVLSBeQTm7KnIRWItcE+ZsPdlZobwABAAA=\"}"
        },
        {
            "StackId": "arn:aws:cloudformation:ap-northeast-1:568975345534:stack/Pre-Prod-WebService/18118510-487c-11ee-84d0-0e779e6ed181",
            "EventId": "CDKMetadata-CREATE_IN_PROGRESS-2023-09-01T04:01:16.560Z",
            "StackName": "Pre-Prod-WebService",
            "LogicalResourceId": "CDKMetadata",
            "PhysicalResourceId": "18118510-487c-11ee-84d0-0e779e6ed181",
            "ResourceType": "AWS::CDK::Metadata",
            "Timestamp": "2023-09-01T04:01:16.560000+00:00",
            "ResourceStatus": "CREATE_IN_PROGRESS",
            "ResourceStatusReason": "Resource creation Initiated",
            "ResourceProperties": "{\"Analytics\":\"v2:deflate64:H4sIAAAAAAAA/1WOzQrCQAyEn8X7NloLokcVD96kgtcSt1Fit9my2dZD6btr/QE9fZMJk8wcVhnMJnjXxJZV4vgM/TGirczTKnrNClSlqLAeYTSDTWsrihtUMuRQI9szoWhEV0G/vci6aRxbjOzF/I8nCvpxd9Jx8FKTxMEw1tDn3tG4+XI/nhRLh+Av7GgYzKvBs9uV5WpyUt8G+4786K2XksdngxFfEtx02qVLSBeQTm7KnIRWItcE+ZsPdlZobwABAAA=\"}"
        },
        {
            "StackId": "arn:aws:cloudformation:ap-northeast-1:568975345534:stack/Pre-Prod-WebService/18118510-487c-11ee-84d0-0e779e6ed181",
            "EventId": "MyWebAppawselasticbeanstalkec2role9B05C648-CREATE_IN_PROGRESS-2023-09-01T04:01:15.817Z",
            "StackName": "Pre-Prod-WebService",
            "LogicalResourceId": "MyWebAppawselasticbeanstalkec2role9B05C648",
            "PhysicalResourceId": "Pre-Prod-WebService-MyWebAppawselasticbeanstalkec2-61NW6E07H8PL",
            "ResourceType": "AWS::IAM::Role",
            "Timestamp": "2023-09-01T04:01:15.817000+00:00",
            "ResourceStatus": "CREATE_IN_PROGRESS",
            "ResourceStatusReason": "Resource creation Initiated",
            "ResourceProperties": "{\"ManagedPolicyArns\":[\"arn:aws:iam::aws:policy/AWSElasticBeanstalkWebTier\"],\"AssumeRolePolicyDocument\":{\"Version\":\"2012-10-17\",\"Statement\":[{\"Action\":\"sts:AssumeRole\",\"Effect\":\"Allow\",\"Principal\":{\"Service\":\"ec2.amazonaws.com\"}}]}}"
        },
        {
            "StackId": "arn:aws:cloudformation:ap-northeast-1:568975345534:stack/Pre-Prod-WebService/18118510-487c-11ee-84d0-0e779e6ed181",
            "EventId": "MyWebAppawselasticbeanstalkec2role9B05C648-CREATE_IN_PROGRESS-2023-09-01T04:01:15.325Z",
            "StackName": "Pre-Prod-WebService",
            "LogicalResourceId": "MyWebAppawselasticbeanstalkec2role9B05C648",
            "PhysicalResourceId": "",
            "ResourceType": "AWS::IAM::Role",
            "Timestamp": "2023-09-01T04:01:15.325000+00:00",
            "ResourceStatus": "CREATE_IN_PROGRESS",
            "ResourceProperties": "{\"ManagedPolicyArns\":[\"arn:aws:iam::aws:policy/AWSElasticBeanstalkWebTier\"],\"AssumeRolePolicyDocument\":{\"Version\":\"2012-10-17\",\"Statement\":[{\"Action\":\"sts:AssumeRole\",\"Effect\":\"Allow\",\"Principal\":{\"Service\":\"ec2.amazonaws.com\"}}]}}"
        },
        {
            "StackId": "arn:aws:cloudformation:ap-northeast-1:568975345534:stack/Pre-Prod-WebService/18118510-487c-11ee-84d0-0e779e6ed181",
            "EventId": "CDKMetadata-CREATE_IN_PROGRESS-2023-09-01T04:01:15.289Z",
            "StackName": "Pre-Prod-WebService",
            "LogicalResourceId": "CDKMetadata",
            "PhysicalResourceId": "",
            "ResourceType": "AWS::CDK::Metadata",
            "Timestamp": "2023-09-01T04:01:15.289000+00:00",
            "ResourceStatus": "CREATE_IN_PROGRESS",
            "ResourceProperties": "{\"Analytics\":\"v2:deflate64:H4sIAAAAAAAA/1WOzQrCQAyEn8X7NloLokcVD96kgtcSt1Fit9my2dZD6btr/QE9fZMJk8wcVhnMJnjXxJZV4vgM/TGirczTKnrNClSlqLAeYTSDTWsrihtUMuRQI9szoWhEV0G/vci6aRxbjOzF/I8nCvpxd9Jx8FKTxMEw1tDn3tG4+XI/nhRLh+Av7GgYzKvBs9uV5WpyUt8G+4786K2XksdngxFfEtx02qVLSBeQTm7KnIRWItcE+ZsPdlZobwABAAA=\"}"
        },
        {
            "StackId": "arn:aws:cloudformation:ap-northeast-1:568975345534:stack/Pre-Prod-WebService/18118510-487c-11ee-84d0-0e779e6ed181",
            "EventId": "Application-CREATE_IN_PROGRESS-2023-09-01T04:01:15.267Z",
            "StackName": "Pre-Prod-WebService",
            "LogicalResourceId": "Application",
            "PhysicalResourceId": "",
            "ResourceType": "AWS::ElasticBeanstalk::Application",
            "Timestamp": "2023-09-01T04:01:15.267000+00:00",
            "ResourceStatus": "CREATE_IN_PROGRESS",
            "ResourceProperties": "{\"ApplicationName\":\"MyWebApp\"}"
        },
        {
            "StackId": "arn:aws:cloudformation:ap-northeast-1:568975345534:stack/Pre-Prod-WebService/18118510-487c-11ee-84d0-0e779e6ed181",
            "EventId": "30901e80-487c-11ee-ac34-0ea2c83be38f",
            "StackName": "Pre-Prod-WebService",
            "LogicalResourceId": "Pre-Prod-WebService",
            "PhysicalResourceId": "arn:aws:cloudformation:ap-northeast-1:568975345534:stack/Pre-Prod-WebService/18118510-487c-11ee-84d0-0e779e6ed181",
            "ResourceType": "AWS::CloudFormation::Stack",
            "Timestamp": "2023-09-01T04:01:12.285000+00:00",
            "ResourceStatus": "CREATE_IN_PROGRESS",
            "ResourceStatusReason": "User Initiated"
        },
        {
            "StackId": "arn:aws:cloudformation:ap-northeast-1:568975345534:stack/Pre-Prod-WebService/18118510-487c-11ee-84d0-0e779e6ed181",
            "EventId": "181136f0-487c-11ee-84d0-0e779e6ed181",
            "StackName": "Pre-Prod-WebService",
            "LogicalResourceId": "Pre-Prod-WebService",
            "PhysicalResourceId": "arn:aws:cloudformation:ap-northeast-1:568975345534:stack/Pre-Prod-WebService/18118510-487c-11ee-84d0-0e779e6ed181",
            "ResourceType": "AWS::CloudFormation::Stack",
            "Timestamp": "2023-09-01T04:00:31.343000+00:00",
            "ResourceStatus": "REVIEW_IN_PROGRESS",
            "ResourceStatusReason": "User Initiated"
        }
    ]
}
